This is pdfTeX, Version 3.14159265-2.6-1.40.18 (TeX Live 2017/Debian) (preloaded format=pdflatex 2018.11.12)  17 AUG 2021 20:07
entering extended mode
 restricted \write18 enabled.
 %&-line parsing enabled.
**pointingIssues.tex
(./pointingIssues.tex
LaTeX2e <2017-04-15>
Babel <3.18> and hyphenation patterns for 3 language(s) loaded.
(/usr/share/texlive/texmf-dist/tex/latex/base/article.cls
Document Class: article 2014/09/29 v1.4h Standard LaTeX document class
(/usr/share/texlive/texmf-dist/tex/latex/base/size10.clo
File: size10.clo 2014/09/29 v1.4h Standard LaTeX file (size option)
)
\c@part=\count79
\c@section=\count80
\c@subsection=\count81
\c@subsubsection=\count82
\c@paragraph=\count83
\c@subparagraph=\count84
\c@figure=\count85
\c@table=\count86
\abovecaptionskip=\skip41
\belowcaptionskip=\skip42
\bibindent=\dimen102
)
(/usr/share/texlive/texmf-dist/tex/latex/base/inputenc.sty
Package: inputenc 2015/03/17 v1.2c Input encoding file
\inpenc@prehook=\toks14
\inpenc@posthook=\toks15

(/usr/share/texlive/texmf-dist/tex/latex/base/utf8.def
File: utf8.def 2017/01/28 v1.1t UTF-8 support for inputenc
Now handling font encoding OML ...
... no UTF-8 mapping file for font encoding OML
Now handling font encoding T1 ...
... processing UTF-8 mapping file for font encoding T1

(/usr/share/texlive/texmf-dist/tex/latex/base/t1enc.dfu
File: t1enc.dfu 2017/01/28 v1.1t UTF-8 support for inputenc
   defining Unicode char U+00A0 (decimal 160)
   defining Unicode char U+00A1 (decimal 161)
   defining Unicode char U+00A3 (decimal 163)
   defining Unicode char U+00AB (decimal 171)
   defining Unicode char U+00AD (decimal 173)
   defining Unicode char U+00BB (decimal 187)
   defining Unicode char U+00BF (decimal 191)
   defining Unicode char U+00C0 (decimal 192)
   defining Unicode char U+00C1 (decimal 193)
   defining Unicode char U+00C2 (decimal 194)
   defining Unicode char U+00C3 (decimal 195)
   defining Unicode char U+00C4 (decimal 196)
   defining Unicode char U+00C5 (decimal 197)
   defining Unicode char U+00C6 (decimal 198)
   defining Unicode char U+00C7 (decimal 199)
   defining Unicode char U+00C8 (decimal 200)
   defining Unicode char U+00C9 (decimal 201)
   defining Unicode char U+00CA (decimal 202)
   defining Unicode char U+00CB (decimal 203)
   defining Unicode char U+00CC (decimal 204)
   defining Unicode char U+00CD (decimal 205)
   defining Unicode char U+00CE (decimal 206)
   defining Unicode char U+00CF (decimal 207)
   defining Unicode char U+00D0 (decimal 208)
   defining Unicode char U+00D1 (decimal 209)
   defining Unicode char U+00D2 (decimal 210)
   defining Unicode char U+00D3 (decimal 211)
   defining Unicode char U+00D4 (decimal 212)
   defining Unicode char U+00D5 (decimal 213)
   defining Unicode char U+00D6 (decimal 214)
   defining Unicode char U+00D8 (decimal 216)
   defining Unicode char U+00D9 (decimal 217)
   defining Unicode char U+00DA (decimal 218)
   defining Unicode char U+00DB (decimal 219)
   defining Unicode char U+00DC (decimal 220)
   defining Unicode char U+00DD (decimal 221)
   defining Unicode char U+00DE (decimal 222)
   defining Unicode char U+00DF (decimal 223)
   defining Unicode char U+00E0 (decimal 224)
   defining Unicode char U+00E1 (decimal 225)
   defining Unicode char U+00E2 (decimal 226)
   defining Unicode char U+00E3 (decimal 227)
   defining Unicode char U+00E4 (decimal 228)
   defining Unicode char U+00E5 (decimal 229)
   defining Unicode char U+00E6 (decimal 230)
   defining Unicode char U+00E7 (decimal 231)
   defining Unicode char U+00E8 (decimal 232)
   defining Unicode char U+00E9 (decimal 233)
   defining Unicode char U+00EA (decimal 234)
   defining Unicode char U+00EB (decimal 235)
   defining Unicode char U+00EC (decimal 236)
   defining Unicode char U+00ED (decimal 237)
   defining Unicode char U+00EE (decimal 238)
   defining Unicode char U+00EF (decimal 239)
   defining Unicode char U+00F0 (decimal 240)
   defining Unicode char U+00F1 (decimal 241)
   defining Unicode char U+00F2 (decimal 242)
   defining Unicode char U+00F3 (decimal 243)
   defining Unicode char U+00F4 (decimal 244)
   defining Unicode char U+00F5 (decimal 245)
   defining Unicode char U+00F6 (decimal 246)
   defining Unicode char U+00F8 (decimal 248)
   defining Unicode char U+00F9 (decimal 249)
   defining Unicode char U+00FA (decimal 250)
   defining Unicode char U+00FB (decimal 251)
   defining Unicode char U+00FC (decimal 252)
   defining Unicode char U+00FD (decimal 253)
   defining Unicode char U+00FE (decimal 254)
   defining Unicode char U+00FF (decimal 255)
   defining Unicode char U+0100 (decimal 256)
   defining Unicode char U+0101 (decimal 257)
   defining Unicode char U+0102 (decimal 258)
   defining Unicode char U+0103 (decimal 259)
   defining Unicode char U+0104 (decimal 260)
   defining Unicode char U+0105 (decimal 261)
   defining Unicode char U+0106 (decimal 262)
   defining Unicode char U+0107 (decimal 263)
   defining Unicode char U+0108 (decimal 264)
   defining Unicode char U+0109 (decimal 265)
   defining Unicode char U+010A (decimal 266)
   defining Unicode char U+010B (decimal 267)
   defining Unicode char U+010C (decimal 268)
   defining Unicode char U+010D (decimal 269)
   defining Unicode char U+010E (decimal 270)
   defining Unicode char U+010F (decimal 271)
   defining Unicode char U+0110 (decimal 272)
   defining Unicode char U+0111 (decimal 273)
   defining Unicode char U+0112 (decimal 274)
   defining Unicode char U+0113 (decimal 275)
   defining Unicode char U+0114 (decimal 276)
   defining Unicode char U+0115 (decimal 277)
   defining Unicode char U+0116 (decimal 278)
   defining Unicode char U+0117 (decimal 279)
   defining Unicode char U+0118 (decimal 280)
   defining Unicode char U+0119 (decimal 281)
   defining Unicode char U+011A (decimal 282)
   defining Unicode char U+011B (decimal 283)
   defining Unicode char U+011C (decimal 284)
   defining Unicode char U+011D (decimal 285)
   defining Unicode char U+011E (decimal 286)
   defining Unicode char U+011F (decimal 287)
   defining Unicode char U+0120 (decimal 288)
   defining Unicode char U+0121 (decimal 289)
   defining Unicode char U+0122 (decimal 290)
   defining Unicode char U+0123 (decimal 291)
   defining Unicode char U+0124 (decimal 292)
   defining Unicode char U+0125 (decimal 293)
   defining Unicode char U+0128 (decimal 296)
   defining Unicode char U+0129 (decimal 297)
   defining Unicode char U+012A (decimal 298)
   defining Unicode char U+012B (decimal 299)
   defining Unicode char U+012C (decimal 300)
   defining Unicode char U+012D (decimal 301)
   defining Unicode char U+012E (decimal 302)
   defining Unicode char U+012F (decimal 303)
   defining Unicode char U+0130 (decimal 304)
   defining Unicode char U+0131 (decimal 305)
   defining Unicode char U+0132 (decimal 306)
   defining Unicode char U+0133 (decimal 307)
   defining Unicode char U+0134 (decimal 308)
   defining Unicode char U+0135 (decimal 309)
   defining Unicode char U+0136 (decimal 310)
   defining Unicode char U+0137 (decimal 311)
   defining Unicode char U+0139 (decimal 313)
   defining Unicode char U+013A (decimal 314)
   defining Unicode char U+013B (decimal 315)
   defining Unicode char U+013C (decimal 316)
   defining Unicode char U+013D (decimal 317)
   defining Unicode char U+013E (decimal 318)
   defining Unicode char U+0141 (decimal 321)
   defining Unicode char U+0142 (decimal 322)
   defining Unicode char U+0143 (decimal 323)
   defining Unicode char U+0144 (decimal 324)
   defining Unicode char U+0145 (decimal 325)
   defining Unicode char U+0146 (decimal 326)
   defining Unicode char U+0147 (decimal 327)
   defining Unicode char U+0148 (decimal 328)
   defining Unicode char U+014A (decimal 330)
   defining Unicode char U+014B (decimal 331)
   defining Unicode char U+014C (decimal 332)
   defining Unicode char U+014D (decimal 333)
   defining Unicode char U+014E (decimal 334)
   defining Unicode char U+014F (decimal 335)
   defining Unicode char U+0150 (decimal 336)
   defining Unicode char U+0151 (decimal 337)
   defining Unicode char U+0152 (decimal 338)
   defining Unicode char U+0153 (decimal 339)
   defining Unicode char U+0154 (decimal 340)
   defining Unicode char U+0155 (decimal 341)
   defining Unicode char U+0156 (decimal 342)
   defining Unicode char U+0157 (decimal 343)
   defining Unicode char U+0158 (decimal 344)
   defining Unicode char U+0159 (decimal 345)
   defining Unicode char U+015A (decimal 346)
   defining Unicode char U+015B (decimal 347)
   defining Unicode char U+015C (decimal 348)
   defining Unicode char U+015D (decimal 349)
   defining Unicode char U+015E (decimal 350)
   defining Unicode char U+015F (decimal 351)
   defining Unicode char U+0160 (decimal 352)
   defining Unicode char U+0161 (decimal 353)
   defining Unicode char U+0162 (decimal 354)
   defining Unicode char U+0163 (decimal 355)
   defining Unicode char U+0164 (decimal 356)
   defining Unicode char U+0165 (decimal 357)
   defining Unicode char U+0168 (decimal 360)
   defining Unicode char U+0169 (decimal 361)
   defining Unicode char U+016A (decimal 362)
   defining Unicode char U+016B (decimal 363)
   defining Unicode char U+016C (decimal 364)
   defining Unicode char U+016D (decimal 365)
   defining Unicode char U+016E (decimal 366)
   defining Unicode char U+016F (decimal 367)
   defining Unicode char U+0170 (decimal 368)
   defining Unicode char U+0171 (decimal 369)
   defining Unicode char U+0172 (decimal 370)
   defining Unicode char U+0173 (decimal 371)
   defining Unicode char U+0174 (decimal 372)
   defining Unicode char U+0175 (decimal 373)
   defining Unicode char U+0176 (decimal 374)
   defining Unicode char U+0177 (decimal 375)
   defining Unicode char U+0178 (decimal 376)
   defining Unicode char U+0179 (decimal 377)
   defining Unicode char U+017A (decimal 378)
   defining Unicode char U+017B (decimal 379)
   defining Unicode char U+017C (decimal 380)
   defining Unicode char U+017D (decimal 381)
   defining Unicode char U+017E (decimal 382)
   defining Unicode char U+01CD (decimal 461)
   defining Unicode char U+01CE (decimal 462)
   defining Unicode char U+01CF (decimal 463)
   defining Unicode char U+01D0 (decimal 464)
   defining Unicode char U+01D1 (decimal 465)
   defining Unicode char U+01D2 (decimal 466)
   defining Unicode char U+01D3 (decimal 467)
   defining Unicode char U+01D4 (decimal 468)
   defining Unicode char U+01E2 (decimal 482)
   defining Unicode char U+01E3 (decimal 483)
   defining Unicode char U+01E6 (decimal 486)
   defining Unicode char U+01E7 (decimal 487)
   defining Unicode char U+01E8 (decimal 488)
   defining Unicode char U+01E9 (decimal 489)
   defining Unicode char U+01EA (decimal 490)
   defining Unicode char U+01EB (decimal 491)
   defining Unicode char U+01F0 (decimal 496)
   defining Unicode char U+01F4 (decimal 500)
   defining Unicode char U+01F5 (decimal 501)
   defining Unicode char U+0218 (decimal 536)
   defining Unicode char U+0219 (decimal 537)
   defining Unicode char U+021A (decimal 538)
   defining Unicode char U+021B (decimal 539)
   defining Unicode char U+0232 (decimal 562)
   defining Unicode char U+0233 (decimal 563)
   defining Unicode char U+1E02 (decimal 7682)
   defining Unicode char U+1E03 (decimal 7683)
   defining Unicode char U+200C (decimal 8204)
   defining Unicode char U+2010 (decimal 8208)
   defining Unicode char U+2011 (decimal 8209)
   defining Unicode char U+2012 (decimal 8210)
   defining Unicode char U+2013 (decimal 8211)
   defining Unicode char U+2014 (decimal 8212)
   defining Unicode char U+2015 (decimal 8213)
   defining Unicode char U+2018 (decimal 8216)
   defining Unicode char U+2019 (decimal 8217)
   defining Unicode char U+201A (decimal 8218)
   defining Unicode char U+201C (decimal 8220)
   defining Unicode char U+201D (decimal 8221)
   defining Unicode char U+201E (decimal 8222)
   defining Unicode char U+2030 (decimal 8240)
   defining Unicode char U+2031 (decimal 8241)
   defining Unicode char U+2039 (decimal 8249)
   defining Unicode char U+203A (decimal 8250)
   defining Unicode char U+2423 (decimal 9251)
   defining Unicode char U+1E20 (decimal 7712)
   defining Unicode char U+1E21 (decimal 7713)
)
Now handling font encoding OT1 ...
... processing UTF-8 mapping file for font encoding OT1

(/usr/share/texlive/texmf-dist/tex/latex/base/ot1enc.dfu
File: ot1enc.dfu 2017/01/28 v1.1t UTF-8 support for inputenc
   defining Unicode char U+00A0 (decimal 160)
   defining Unicode char U+00A1 (decimal 161)
   defining Unicode char U+00A3 (decimal 163)
   defining Unicode char U+00AD (decimal 173)
   defining Unicode char U+00B8 (decimal 184)
   defining Unicode char U+00BF (decimal 191)
   defining Unicode char U+00C5 (decimal 197)
   defining Unicode char U+00C6 (decimal 198)
   defining Unicode char U+00D8 (decimal 216)
   defining Unicode char U+00DF (decimal 223)
   defining Unicode char U+00E6 (decimal 230)
   defining Unicode char U+00EC (decimal 236)
   defining Unicode char U+00ED (decimal 237)
   defining Unicode char U+00EE (decimal 238)
   defining Unicode char U+00EF (decimal 239)
   defining Unicode char U+00F8 (decimal 248)
   defining Unicode char U+0131 (decimal 305)
   defining Unicode char U+0141 (decimal 321)
   defining Unicode char U+0142 (decimal 322)
   defining Unicode char U+0152 (decimal 338)
   defining Unicode char U+0153 (decimal 339)
   defining Unicode char U+0174 (decimal 372)
   defining Unicode char U+0175 (decimal 373)
   defining Unicode char U+0176 (decimal 374)
   defining Unicode char U+0177 (decimal 375)
   defining Unicode char U+0218 (decimal 536)
   defining Unicode char U+0219 (decimal 537)
   defining Unicode char U+021A (decimal 538)
   defining Unicode char U+021B (decimal 539)
   defining Unicode char U+2013 (decimal 8211)
   defining Unicode char U+2014 (decimal 8212)
   defining Unicode char U+2018 (decimal 8216)
   defining Unicode char U+2019 (decimal 8217)
   defining Unicode char U+201C (decimal 8220)
   defining Unicode char U+201D (decimal 8221)
)
Now handling font encoding OMS ...
... processing UTF-8 mapping file for font encoding OMS

(/usr/share/texlive/texmf-dist/tex/latex/base/omsenc.dfu
File: omsenc.dfu 2017/01/28 v1.1t UTF-8 support for inputenc
   defining Unicode char U+00A7 (decimal 167)
   defining Unicode char U+00B6 (decimal 182)
   defining Unicode char U+00B7 (decimal 183)
   defining Unicode char U+2020 (decimal 8224)
   defining Unicode char U+2021 (decimal 8225)
   defining Unicode char U+2022 (decimal 8226)
)
Now handling font encoding OMX ...
... no UTF-8 mapping file for font encoding OMX
Now handling font encoding U ...
... no UTF-8 mapping file for font encoding U
   defining Unicode char U+00A9 (decimal 169)
   defining Unicode char U+00AA (decimal 170)
   defining Unicode char U+00AE (decimal 174)
   defining Unicode char U+00BA (decimal 186)
   defining Unicode char U+02C6 (decimal 710)
   defining Unicode char U+02DC (decimal 732)
   defining Unicode char U+200C (decimal 8204)
   defining Unicode char U+2026 (decimal 8230)
   defining Unicode char U+2122 (decimal 8482)
   defining Unicode char U+2423 (decimal 9251)
))
(/usr/share/texlive/texmf-dist/tex/latex/geometry/geometry.sty
Package: geometry 2010/09/12 v5.6 Page Geometry

(/usr/share/texlive/texmf-dist/tex/latex/graphics/keyval.sty
Package: keyval 2014/10/28 v1.15 key=value parser (DPC)
\KV@toks@=\toks16
)
(/usr/share/texlive/texmf-dist/tex/generic/oberdiek/ifpdf.sty
Package: ifpdf 2017/03/15 v3.2 Provides the ifpdf switch
)
(/usr/share/texlive/texmf-dist/tex/generic/oberdiek/ifvtex.sty
Package: ifvtex 2016/05/16 v1.6 Detect VTeX and its facilities (HO)
Package ifvtex Info: VTeX not detected.
)
(/usr/share/texlive/texmf-dist/tex/generic/ifxetex/ifxetex.sty
Package: ifxetex 2010/09/12 v0.6 Provides ifxetex conditional
)
\Gm@cnth=\count87
\Gm@cntv=\count88
\c@Gm@tempcnt=\count89
\Gm@bindingoffset=\dimen103
\Gm@wd@mp=\dimen104
\Gm@odd@mp=\dimen105
\Gm@even@mp=\dimen106
\Gm@layoutwidth=\dimen107
\Gm@layoutheight=\dimen108
\Gm@layouthoffset=\dimen109
\Gm@layoutvoffset=\dimen110
\Gm@dimlist=\toks17
)
(/usr/share/texlive/texmf-dist/tex/latex/natbib/natbib.sty
Package: natbib 2010/09/13 8.31b (PWD, AO)
\bibhang=\skip43
\bibsep=\skip44
LaTeX Info: Redefining \cite on input line 694.
\c@NAT@ctr=\count90
)
(/usr/share/texlive/texmf-dist/tex/latex/graphics/graphicx.sty
Package: graphicx 2017/06/01 v1.1a Enhanced LaTeX Graphics (DPC,SPQR)

(/usr/share/texlive/texmf-dist/tex/latex/graphics/graphics.sty
Package: graphics 2017/06/25 v1.2c Standard LaTeX Graphics (DPC,SPQR)

(/usr/share/texlive/texmf-dist/tex/latex/graphics/trig.sty
Package: trig 2016/01/03 v1.10 sin cos tan (DPC)
)
(/usr/share/texlive/texmf-dist/tex/latex/graphics-cfg/graphics.cfg
File: graphics.cfg 2016/06/04 v1.11 sample graphics configuration
)
Package graphics Info: Driver file: pdftex.def on input line 99.

(/usr/share/texlive/texmf-dist/tex/latex/graphics-def/pdftex.def
File: pdftex.def 2018/01/08 v1.0l Graphics/color driver for pdftex
))
\Gin@req@height=\dimen111
\Gin@req@width=\dimen112
)
(/usr/share/texlive/texmf-dist/tex/latex/caption/caption.sty
Package: caption 2016/02/21 v3.3-144 Customizing captions (AR)

(/usr/share/texlive/texmf-dist/tex/latex/caption/caption3.sty
Package: caption3 2016/05/22 v1.7-166 caption3 kernel (AR)
Package caption3 Info: TeX engine: e-TeX on input line 67.
\captionmargin=\dimen113
\captionmargin@=\dimen114
\captionwidth=\dimen115
\caption@tempdima=\dimen116
\caption@indent=\dimen117
\caption@parindent=\dimen118
\caption@hangindent=\dimen119
)
\c@ContinuedFloat=\count91
)
(/usr/share/texlive/texmf-dist/tex/latex/caption/subcaption.sty
Package: subcaption 2016/05/22 v1.1-161 Sub-captions (AR)
\c@subfigure=\count92
\c@subtable=\count93
)
(/usr/share/texlive/texmf-dist/tex/latex/tools/verbatim.sty
Package: verbatim 2014/10/28 v1.5q LaTeX2e package for verbatim enhancements
\every@verbatim=\toks18
\verbatim@line=\toks19
\verbatim@in@stream=\read1
)
(/usr/share/texlive/texmf-dist/tex/latex/appendix/appendix.sty
Package: appendix 2009/09/02 v1.2b extra appendix facilities
\c@@pps=\count94
\c@@ppsavesec=\count95
\c@@ppsaveapp=\count96
)
(/usr/share/texlive/texmf-dist/tex/latex/float/float.sty
Package: float 2001/11/08 v1.3d Float enhancements (AL)
\c@float@type=\count97
\float@exts=\toks20
\float@box=\box26
\@float@everytoks=\toks21
\@floatcapt=\box27
)
(/usr/share/texlive/texmf-dist/tex/latex/listings/listings.sty
\lst@mode=\count98
\lst@gtempboxa=\box28
\lst@token=\toks22
\lst@length=\count99
\lst@currlwidth=\dimen120
\lst@column=\count100
\lst@pos=\count101
\lst@lostspace=\dimen121
\lst@width=\dimen122
\lst@newlines=\count102
\lst@lineno=\count103
\lst@maxwidth=\dimen123

(/usr/share/texlive/texmf-dist/tex/latex/listings/lstmisc.sty
File: lstmisc.sty 2015/06/04 1.6 (Carsten Heinz)
\c@lstnumber=\count104
\lst@skipnumbers=\count105
\lst@framebox=\box29
)
(/usr/share/texlive/texmf-dist/tex/latex/listings/listings.cfg
File: listings.cfg 2015/06/04 1.6 listings configuration
))
Package: listings 2015/06/04 1.6 (Carsten Heinz)

(./pointingIssues.aux

LaTeX Warning: Label `fig:tilt1' multiply defined.


LaTeX Warning: Label `fig:tilt1' multiply defined.


LaTeX Warning: Label `fig:tilt1' multiply defined.

)
\openout1 = `pointingIssues.aux'.

LaTeX Font Info:    Checking defaults for OML/cmm/m/it on input line 24.
LaTeX Font Info:    ... okay on input line 24.
LaTeX Font Info:    Checking defaults for T1/cmr/m/n on input line 24.
LaTeX Font Info:    ... okay on input line 24.
LaTeX Font Info:    Checking defaults for OT1/cmr/m/n on input line 24.
LaTeX Font Info:    ... okay on input line 24.
LaTeX Font Info:    Checking defaults for OMS/cmsy/m/n on input line 24.
LaTeX Font Info:    ... okay on input line 24.
LaTeX Font Info:    Checking defaults for OMX/cmex/m/n on input line 24.
LaTeX Font Info:    ... okay on input line 24.
LaTeX Font Info:    Checking defaults for U/cmr/m/n on input line 24.
LaTeX Font Info:    ... okay on input line 24.

*geometry* driver: auto-detecting
*geometry* detected driver: pdftex
*geometry* verbose mode - [ preamble ] result:
* driver: pdftex
* paper: <default>
* layout: <same size as paper>
* layoutoffset:(h,v)=(0.0pt,0.0pt)
* modes: 
* h-part:(L,W,R)=(72.26999pt, 469.75502pt, 72.26999pt)
* v-part:(T,H,B)=(72.26999pt, 650.43001pt, 72.26999pt)
* \paperwidth=614.295pt
* \paperheight=794.96999pt
* \textwidth=469.75502pt
* \textheight=650.43001pt
* \oddsidemargin=0.0pt
* \evensidemargin=0.0pt
* \topmargin=-26.45377pt
* \headheight=12.0pt
* \headsep=14.45377pt
* \topskip=10.0pt
* \footskip=28.90755pt
* \marginparwidth=65.0pt
* \marginparsep=11.0pt
* \columnsep=10.0pt
* \skip\footins=9.0pt plus 4.0pt minus 2.0pt
* \hoffset=0.0pt
* \voffset=0.0pt
* \mag=1000
* \@twocolumnfalse
* \@twosidefalse
* \@mparswitchfalse
* \@reversemarginfalse
* (1in=72.27pt=25.4mm, 1cm=28.453pt)

(/usr/share/texlive/texmf-dist/tex/context/base/mkii/supp-pdf.mkii
[Loading MPS to PDF converter (version 2006.09.02).]
\scratchcounter=\count106
\scratchdimen=\dimen124
\scratchbox=\box30
\nofMPsegments=\count107
\nofMParguments=\count108
\everyMPshowfont=\toks23
\MPscratchCnt=\count109
\MPscratchDim=\dimen125
\MPnumerator=\count110
\makeMPintoPDFobject=\count111
\everyMPtoPDFconversion=\toks24
) (/usr/share/texlive/texmf-dist/tex/latex/oberdiek/epstopdf-base.sty
Package: epstopdf-base 2016/05/15 v2.6 Base part for package epstopdf

(/usr/share/texlive/texmf-dist/tex/generic/oberdiek/infwarerr.sty
Package: infwarerr 2016/05/16 v1.4 Providing info/warning/error messages (HO)
)
(/usr/share/texlive/texmf-dist/tex/latex/oberdiek/grfext.sty
Package: grfext 2016/05/16 v1.2 Manage graphics extensions (HO)

(/usr/share/texlive/texmf-dist/tex/generic/oberdiek/kvdefinekeys.sty
Package: kvdefinekeys 2016/05/16 v1.4 Define keys (HO)

(/usr/share/texlive/texmf-dist/tex/generic/oberdiek/ltxcmds.sty
Package: ltxcmds 2016/05/16 v1.23 LaTeX kernel commands for general use (HO)
)))
(/usr/share/texlive/texmf-dist/tex/latex/oberdiek/kvoptions.sty
Package: kvoptions 2016/05/16 v3.12 Key value format for package options (HO)

(/usr/share/texlive/texmf-dist/tex/generic/oberdiek/kvsetkeys.sty
Package: kvsetkeys 2016/05/16 v1.17 Key value parser (HO)

(/usr/share/texlive/texmf-dist/tex/generic/oberdiek/etexcmds.sty
Package: etexcmds 2016/05/16 v1.6 Avoid name clashes with e-TeX commands (HO)

(/usr/share/texlive/texmf-dist/tex/generic/oberdiek/ifluatex.sty
Package: ifluatex 2016/05/16 v1.4 Provides the ifluatex switch (HO)
Package ifluatex Info: LuaTeX not detected.
)
Package etexcmds Info: Could not find \expanded.
(etexcmds)             That can mean that you are not using pdfTeX 1.50 or
(etexcmds)             that some package has redefined \expanded.
(etexcmds)             In the latter case, load this package earlier.
)))
(/usr/share/texlive/texmf-dist/tex/generic/oberdiek/pdftexcmds.sty
Package: pdftexcmds 2018/01/21 v0.26 Utility functions of pdfTeX for LuaTeX (HO
)
Package pdftexcmds Info: LuaTeX not detected.
Package pdftexcmds Info: \pdf@primitive is available.
Package pdftexcmds Info: \pdf@ifprimitive is available.
Package pdftexcmds Info: \pdfdraftmode found.
)
Package epstopdf-base Info: Redefining graphics rule for `.eps' on input line 4
38.
Package grfext Info: Graphics extension search list:
(grfext)             [.pdf,.png,.jpg,.mps,.jpeg,.jbig2,.jb2,.PDF,.PNG,.JPG,.JPE
G,.JBIG2,.JB2,.eps]
(grfext)             \AppendGraphicsExtensions on input line 456.

(/usr/share/texlive/texmf-dist/tex/latex/latexconfig/epstopdf-sys.cfg
File: epstopdf-sys.cfg 2010/07/13 v1.3 Configuration of (r)epstopdf for TeX Liv
e
))
Package caption Info: Begin \AtBeginDocument code.
Package caption Info: float package is loaded.
Package caption Info: listings package is loaded.
Package caption Info: End \AtBeginDocument code.
\c@lstlisting=\count112
LaTeX Font Info:    External font `cmex10' loaded for size
(Font)              <12> on input line 26.
LaTeX Font Info:    External font `cmex10' loaded for size
(Font)              <8> on input line 26.
LaTeX Font Info:    External font `cmex10' loaded for size
(Font)              <6> on input line 26.

Underfull \hbox (badness 10000) in paragraph at lines 34--37

 []


Underfull \hbox (badness 10000) in paragraph at lines 34--37

 []

<data2.png, id=1, 1056.94875pt x 183.68625pt>
File: data2.png Graphic file (type png)
<use data2.png>
Package pdftex.def Info: data2.png  used on input line 47.
(pdftex.def)             Requested size: 443.91545pt x 77.14767pt.
[1

{/var/lib/texmf/fonts/map/pdftex/updmap/pdftex.map}]
<temp2.png, id=14, 987.69pt x 185.69376pt>
File: temp2.png Graphic file (type png)
<use temp2.png>
Package pdftex.def Info: temp2.png  used on input line 57.
(pdftex.def)             Requested size: 414.82697pt x 77.99084pt.
<wind3.png, id=15, 983.675pt x 174.6525pt>
File: wind3.png Graphic file (type png)
<use wind3.png>
Package pdftex.def Info: wind3.png  used on input line 66.
(pdftex.def)             Requested size: 422.97202pt x 75.0991pt.
<m009_wind_Jan_partten.png, id=16, 1302.8675pt x 511.9125pt>
File: m009_wind_Jan_partten.png Graphic file (type png)
<use m009_wind_Jan_partten.png>
Package pdftex.def Info: m009_wind_Jan_partten.png  used on input line 79.
(pdftex.def)             Requested size: 429.9476pt x 168.93164pt.
<m009_Jan_air_tep.png, id=17, 1298.8525pt x 504.88625pt>
File: m009_Jan_air_tep.png Graphic file (type png)
<use m009_Jan_air_tep.png>
Package pdftex.def Info: m009_Jan_air_tep.png  used on input line 88.
(pdftex.def)             Requested size: 428.62265pt x 166.61296pt.
 [2 <./data2.png> <./temp2.png> <./wind3.png> <./m009_wind_Jan_partten.png>]
<m033_elev_Jan.png, id=25, 1445.4pt x 1445.4pt>
File: m033_elev_Jan.png Graphic file (type png)
<use m033_elev_Jan.png>
Package pdftex.def Info: m033_elev_Jan.png  used on input line 106.
(pdftex.def)             Requested size: 505.89758pt x 505.89758pt.

Overfull \hbox (36.14256pt too wide) in paragraph at lines 106--107
[][] 
 []

[3 <./m009_Jan_air_tep.png>]
<m033_azim_Jan.png, id=30, 1445.4pt x 1445.4pt>
File: m033_azim_Jan.png Graphic file (type png)
<use m033_azim_Jan.png>
Package pdftex.def Info: m033_azim_Jan.png  used on input line 116.
(pdftex.def)             Requested size: 505.89758pt x 505.89758pt.

Overfull \hbox (36.14256pt too wide) in paragraph at lines 116--117
 [][] 
 []

[4 <./m033_elev_Jan.png>]
<m033_elev_Feb.png, id=35, 1445.4pt x 1445.4pt>
File: m033_elev_Feb.png Graphic file (type png)
<use m033_elev_Feb.png>
Package pdftex.def Info: m033_elev_Feb.png  used on input line 126.
(pdftex.def)             Requested size: 505.89758pt x 505.89758pt.

Overfull \hbox (36.14256pt too wide) in paragraph at lines 126--127
 [][] 
 []

[5 <./m033_azim_Jan.png>]
<m033_azim_Feb.png, id=40, 1445.4pt x 1445.4pt>
File: m033_azim_Feb.png Graphic file (type png)
<use m033_azim_Feb.png>
Package pdftex.def Info: m033_azim_Feb.png  used on input line 136.
(pdftex.def)             Requested size: 505.89758pt x 505.89758pt.

Overfull \hbox (36.14256pt too wide) in paragraph at lines 136--137
 [][] 
 []

[6 <./m033_elev_Feb.png>]
<m033_elev_Mar.png, id=45, 1445.4pt x 1445.4pt>
File: m033_elev_Mar.png Graphic file (type png)
<use m033_elev_Mar.png>
Package pdftex.def Info: m033_elev_Mar.png  used on input line 147.
(pdftex.def)             Requested size: 505.89758pt x 505.89758pt.

Overfull \hbox (36.14256pt too wide) in paragraph at lines 147--148
 [][] 
 []

[7 <./m033_azim_Feb.png>]
<m033_azim_Mar.png, id=51, 1445.4pt x 1445.4pt>
File: m033_azim_Mar.png Graphic file (type png)
<use m033_azim_Mar.png>
Package pdftex.def Info: m033_azim_Mar.png  used on input line 157.
(pdftex.def)             Requested size: 505.89758pt x 505.89758pt.

Overfull \hbox (36.14256pt too wide) in paragraph at lines 157--158
 [][] 
 []

[8 <./m033_elev_Mar.png>]
<m033_elev_Apr.png, id=56, 1445.4pt x 1445.4pt>
File: m033_elev_Apr.png Graphic file (type png)
<use m033_elev_Apr.png>
Package pdftex.def Info: m033_elev_Apr.png  used on input line 168.
(pdftex.def)             Requested size: 505.89758pt x 505.89758pt.

Overfull \hbox (36.14256pt too wide) in paragraph at lines 168--169
 [][] 
 []

[9 <./m033_azim_Mar.png>]
<m033_azim_Apr.png, id=61, 1445.4pt x 1445.4pt>
File: m033_azim_Apr.png Graphic file (type png)
<use m033_azim_Apr.png>
Package pdftex.def Info: m033_azim_Apr.png  used on input line 178.
(pdftex.def)             Requested size: 505.89758pt x 505.89758pt.

Overfull \hbox (36.14256pt too wide) in paragraph at lines 178--179
 [][] 
 []

[10 <./m033_elev_Apr.png>]
<m033_elev_May.png, id=66, 1084.05pt x 1084.05pt>
File: m033_elev_May.png Graphic file (type png)
<use m033_elev_May.png>
Package pdftex.def Info: m033_elev_May.png  used on input line 188.
(pdftex.def)             Requested size: 379.42319pt x 379.42319pt.
 [11 <./m033_azim_Apr.png>]
<m033_azim_May.png, id=71, 1445.4pt x 1445.4pt>
File: m033_azim_May.png Graphic file (type png)
<use m033_azim_May.png>
Package pdftex.def Info: m033_azim_May.png  used on input line 198.
(pdftex.def)             Requested size: 505.89758pt x 505.89758pt.

Overfull \hbox (36.14256pt too wide) in paragraph at lines 198--199
 [][] 
 []

[12 <./m033_elev_May.png>]
<m033_elev_Jan_mapped.png, id=76, 1084.05pt x 1084.05pt>
File: m033_elev_Jan_mapped.png Graphic file (type png)
<use m033_elev_Jan_mapped.png>
Package pdftex.def Info: m033_elev_Jan_mapped.png  used on input line 211.
(pdftex.def)             Requested size: 487.818pt x 487.818pt.

Overfull \hbox (18.06297pt too wide) in paragraph at lines 211--212
[][] 
 []

[13 <./m033_azim_May.png>]
<m033_azim_Jan_mapped.png, id=82, 1084.05pt x 1084.05pt>
File: m033_azim_Jan_mapped.png Graphic file (type png)
<use m033_azim_Jan_mapped.png>
Package pdftex.def Info: m033_azim_Jan_mapped.png  used on input line 221.
(pdftex.def)             Requested size: 487.818pt x 487.818pt.

Overfull \hbox (18.06297pt too wide) in paragraph at lines 221--222
 [][] 
 []

[14 <./m033_elev_Jan_mapped.png>]
<m033_elev_Feb_mapped.png, id=87, 1084.05pt x 1084.05pt>
File: m033_elev_Feb_mapped.png Graphic file (type png)
<use m033_elev_Feb_mapped.png>
Package pdftex.def Info: m033_elev_Feb_mapped.png  used on input line 231.
(pdftex.def)             Requested size: 487.818pt x 487.818pt.

Overfull \hbox (18.06297pt too wide) in paragraph at lines 231--232
 [][] 
 []

[15 <./m033_azim_Jan_mapped.png>]
<m033_azim_Feb_mapped.png, id=92, 1084.05pt x 1084.05pt>
File: m033_azim_Feb_mapped.png Graphic file (type png)
<use m033_azim_Feb_mapped.png>
Package pdftex.def Info: m033_azim_Feb_mapped.png  used on input line 241.
(pdftex.def)             Requested size: 487.818pt x 487.818pt.

Overfull \hbox (18.06297pt too wide) in paragraph at lines 241--242
 [][] 
 []

[16 <./m033_elev_Feb_mapped.png>]
<m033_elev_Mar_mapped.png, id=97, 1084.05pt x 1084.05pt>
File: m033_elev_Mar_mapped.png Graphic file (type png)
<use m033_elev_Mar_mapped.png>
Package pdftex.def Info: m033_elev_Mar_mapped.png  used on input line 252.
(pdftex.def)             Requested size: 487.818pt x 487.818pt.

Overfull \hbox (18.06297pt too wide) in paragraph at lines 252--253
 [][] 
 []

[17 <./m033_azim_Feb_mapped.png>]
<m033_azim_Mar_mapped.png, id=102, 1084.05pt x 1084.05pt>
File: m033_azim_Mar_mapped.png Graphic file (type png)
<use m033_azim_Mar_mapped.png>
Package pdftex.def Info: m033_azim_Mar_mapped.png  used on input line 262.
(pdftex.def)             Requested size: 487.818pt x 487.818pt.

Overfull \hbox (18.06297pt too wide) in paragraph at lines 262--263
 [][] 
 []

[18 <./m033_elev_Mar_mapped.png>]
<m033_elev_Apr_mapped.png, id=107, 1084.05pt x 1084.05pt>
File: m033_elev_Apr_mapped.png Graphic file (type png)
<use m033_elev_Apr_mapped.png>
Package pdftex.def Info: m033_elev_Apr_mapped.png  used on input line 273.
(pdftex.def)             Requested size: 487.818pt x 487.818pt.

Overfull \hbox (18.06297pt too wide) in paragraph at lines 273--274
 [][] 
 []

[19 <./m033_azim_Mar_mapped.png>]
<m033_azim_Apr_mapped.png, id=113, 1084.05pt x 1084.05pt>
File: m033_azim_Apr_mapped.png Graphic file (type png)
<use m033_azim_Apr_mapped.png>
Package pdftex.def Info: m033_azim_Apr_mapped.png  used on input line 283.
(pdftex.def)             Requested size: 487.818pt x 487.818pt.

Overfull \hbox (18.06297pt too wide) in paragraph at lines 283--284
 [][] 
 []

[20 <./m033_elev_Apr_mapped.png>]
<m033_elev_May_mapped.png, id=118, 1084.05pt x 1084.05pt>
File: m033_elev_May_mapped.png Graphic file (type png)
<use m033_elev_May_mapped.png>
Package pdftex.def Info: m033_elev_May_mapped.png  used on input line 294.
(pdftex.def)             Requested size: 487.818pt x 487.818pt.

Overfull \hbox (18.06297pt too wide) in paragraph at lines 294--295
 [][] 
 []

[21 <./m033_azim_Apr_mapped.png>]
<m033_azim_May_mapped.png, id=123, 1084.05pt x 1084.05pt>
File: m033_azim_May_mapped.png Graphic file (type png)
<use m033_azim_May_mapped.png>
Package pdftex.def Info: m033_azim_May_mapped.png  used on input line 304.
(pdftex.def)             Requested size: 487.818pt x 487.818pt.

Overfull \hbox (18.06297pt too wide) in paragraph at lines 304--305
 [][] 
 []

[22 <./m033_elev_May_mapped.png>]
<m009_elev_Jan.png, id=128, 1084.05pt x 1084.05pt>
File: m009_elev_Jan.png Graphic file (type png)
<use m009_elev_Jan.png>
Package pdftex.def Info: m009_elev_Jan.png  used on input line 315.
(pdftex.def)             Requested size: 487.818pt x 487.818pt.

Overfull \hbox (18.06297pt too wide) in paragraph at lines 315--316
[][] 
 []

[23 <./m033_azim_May_mapped.png>]
<m009_azim_Jan.png, id=133, 1084.05pt x 1084.05pt>
File: m009_azim_Jan.png Graphic file (type png)
<use m009_azim_Jan.png>
Package pdftex.def Info: m009_azim_Jan.png  used on input line 325.
(pdftex.def)             Requested size: 487.818pt x 487.818pt.

Overfull \hbox (18.06297pt too wide) in paragraph at lines 325--326
 [][] 
 []

[24 <./m009_elev_Jan.png>]
<m009_elev_Feb.png, id=138, 1084.05pt x 1084.05pt>
File: m009_elev_Feb.png Graphic file (type png)
<use m009_elev_Feb.png>
Package pdftex.def Info: m009_elev_Feb.png  used on input line 335.
(pdftex.def)             Requested size: 487.818pt x 487.818pt.

Overfull \hbox (18.06297pt too wide) in paragraph at lines 335--336
 [][] 
 []

[25 <./m009_azim_Jan.png>]
<m009_azim_Feb.png, id=144, 1084.05pt x 1084.05pt>
File: m009_azim_Feb.png Graphic file (type png)
<use m009_azim_Feb.png>
Package pdftex.def Info: m009_azim_Feb.png  used on input line 345.
(pdftex.def)             Requested size: 487.818pt x 487.818pt.

Overfull \hbox (18.06297pt too wide) in paragraph at lines 345--346
 [][] 
 []

[26 <./m009_elev_Feb.png>]
<m009_elev_Mar.png, id=149, 1084.05pt x 1084.05pt>
File: m009_elev_Mar.png Graphic file (type png)
<use m009_elev_Mar.png>
Package pdftex.def Info: m009_elev_Mar.png  used on input line 356.
(pdftex.def)             Requested size: 487.818pt x 487.818pt.

Overfull \hbox (18.06297pt too wide) in paragraph at lines 356--357
 [][] 
 []

[27 <./m009_azim_Feb.png>]
<m009_azim_Mar.png, id=154, 1084.05pt x 1084.05pt>
File: m009_azim_Mar.png Graphic file (type png)
<use m009_azim_Mar.png>
Package pdftex.def Info: m009_azim_Mar.png  used on input line 366.
(pdftex.def)             Requested size: 487.818pt x 487.818pt.

Overfull \hbox (18.06297pt too wide) in paragraph at lines 366--367
 [][] 
 []

[28 <./m009_elev_Mar.png>]
<m009_elev_Apr.png, id=159, 1084.05pt x 1084.05pt>
File: m009_elev_Apr.png Graphic file (type png)
<use m009_elev_Apr.png>
Package pdftex.def Info: m009_elev_Apr.png  used on input line 377.
(pdftex.def)             Requested size: 487.818pt x 487.818pt.

Overfull \hbox (18.06297pt too wide) in paragraph at lines 377--378
 [][] 
 []

[29 <./m009_azim_Mar.png>]
<m009_azim_Apr.png, id=164, 1084.05pt x 1084.05pt>
File: m009_azim_Apr.png Graphic file (type png)
<use m009_azim_Apr.png>
Package pdftex.def Info: m009_azim_Apr.png  used on input line 387.
(pdftex.def)             Requested size: 487.818pt x 487.818pt.

Overfull \hbox (18.06297pt too wide) in paragraph at lines 387--388
 [][] 
 []

[30 <./m009_elev_Apr.png>]
<m009_elev_May.png, id=169, 1084.05pt x 1084.05pt>
File: m009_elev_May.png Graphic file (type png)
<use m009_elev_May.png>
Package pdftex.def Info: m009_elev_May.png  used on input line 397.
(pdftex.def)             Requested size: 487.818pt x 487.818pt.

Overfull \hbox (18.06297pt too wide) in paragraph at lines 397--398
 [][] 
 []

[31 <./m009_azim_Apr.png>]
<m009_azim_May.png, id=175, 1084.05pt x 1084.05pt>
File: m009_azim_May.png Graphic file (type png)
<use m009_azim_May.png>
Package pdftex.def Info: m009_azim_May.png  used on input line 407.
(pdftex.def)             Requested size: 487.818pt x 487.818pt.

Overfull \hbox (18.06297pt too wide) in paragraph at lines 407--408
 [][] 
 []

[32 <./m009_elev_May.png>]

LaTeX Warning: Reference `fig:m009Elevmapped' on page 33 undefined on input lin
e 413.

<m009_elev_Jan_mapped.png, id=180, 1084.05pt x 1084.05pt>
File: m009_elev_Jan_mapped.png Graphic file (type png)
<use m009_elev_Jan_mapped.png>
Package pdftex.def Info: m009_elev_Jan_mapped.png  used on input line 418.
(pdftex.def)             Requested size: 487.818pt x 487.818pt.

Overfull \hbox (18.06297pt too wide) in paragraph at lines 418--419
[][] 
 []

[33 <./m009_azim_May.png>]
<m009_azim_Jan_mapped.png, id=185, 1084.05pt x 1084.05pt>
File: m009_azim_Jan_mapped.png Graphic file (type png)
<use m009_azim_Jan_mapped.png>
Package pdftex.def Info: m009_azim_Jan_mapped.png  used on input line 428.
(pdftex.def)             Requested size: 487.818pt x 487.818pt.

Overfull \hbox (18.06297pt too wide) in paragraph at lines 428--429
 [][] 
 []

[34 <./m009_elev_Jan_mapped.png>]
<m009_elev_Feb_mapped.png, id=190, 1084.05pt x 1084.05pt>
File: m009_elev_Feb_mapped.png Graphic file (type png)
<use m009_elev_Feb_mapped.png>
Package pdftex.def Info: m009_elev_Feb_mapped.png  used on input line 438.
(pdftex.def)             Requested size: 487.818pt x 487.818pt.

Overfull \hbox (18.06297pt too wide) in paragraph at lines 438--439
 [][] 
 []

[35 <./m009_azim_Jan_mapped.png>]
<m009_azim_Feb_mapped.png, id=195, 1084.05pt x 1084.05pt>
File: m009_azim_Feb_mapped.png Graphic file (type png)
<use m009_azim_Feb_mapped.png>
Package pdftex.def Info: m009_azim_Feb_mapped.png  used on input line 448.
(pdftex.def)             Requested size: 487.818pt x 487.818pt.

Overfull \hbox (18.06297pt too wide) in paragraph at lines 448--449
 [][] 
 []

[36 <./m009_elev_Feb_mapped.png>]
<m009_elev_Mar_mapped.png, id=200, 1084.05pt x 1084.05pt>
File: m009_elev_Mar_mapped.png Graphic file (type png)
<use m009_elev_Mar_mapped.png>
Package pdftex.def Info: m009_elev_Mar_mapped.png  used on input line 459.
(pdftex.def)             Requested size: 487.818pt x 487.818pt.

Overfull \hbox (18.06297pt too wide) in paragraph at lines 459--460
 [][] 
 []

[37 <./m009_azim_Feb_mapped.png>]
<m009_azim_Mar_mapped.png, id=206, 1084.05pt x 1084.05pt>
File: m009_azim_Mar_mapped.png Graphic file (type png)
<use m009_azim_Mar_mapped.png>
Package pdftex.def Info: m009_azim_Mar_mapped.png  used on input line 469.
(pdftex.def)             Requested size: 487.818pt x 487.818pt.

Overfull \hbox (18.06297pt too wide) in paragraph at lines 469--470
 [][] 
 []

[38 <./m009_elev_Mar_mapped.png>]
<m009_elev_Apr_mapped.png, id=211, 1084.05pt x 1084.05pt>
File: m009_elev_Apr_mapped.png Graphic file (type png)
<use m009_elev_Apr_mapped.png>
Package pdftex.def Info: m009_elev_Apr_mapped.png  used on input line 480.
(pdftex.def)             Requested size: 487.818pt x 487.818pt.

Overfull \hbox (18.06297pt too wide) in paragraph at lines 480--481
 [][] 
 []

[39 <./m009_azim_Mar_mapped.png>]
<m009_azim_Apr_mapped.png, id=216, 1084.05pt x 1084.05pt>
File: m009_azim_Apr_mapped.png Graphic file (type png)
<use m009_azim_Apr_mapped.png>
Package pdftex.def Info: m009_azim_Apr_mapped.png  used on input line 490.
(pdftex.def)             Requested size: 487.818pt x 487.818pt.

Overfull \hbox (18.06297pt too wide) in paragraph at lines 490--491
 [][] 
 []

[40 <./m009_elev_Apr_mapped.png>]
<m009_elev_May_mapped.png, id=221, 1084.05pt x 1084.05pt>
File: m009_elev_May_mapped.png Graphic file (type png)
<use m009_elev_May_mapped.png>
Package pdftex.def Info: m009_elev_May_mapped.png  used on input line 501.
(pdftex.def)             Requested size: 487.818pt x 487.818pt.

Overfull \hbox (18.06297pt too wide) in paragraph at lines 501--502
 [][] 
 []

[41 <./m009_azim_Apr_mapped.png>]
<m009_azim_May_mapped.png, id=226, 1084.05pt x 1084.05pt>
File: m009_azim_May_mapped.png Graphic file (type png)
<use m009_azim_May_mapped.png>
Package pdftex.def Info: m009_azim_May_mapped.png  used on input line 511.
(pdftex.def)             Requested size: 487.818pt x 487.818pt.

Overfull \hbox (18.06297pt too wide) in paragraph at lines 511--512
 [][] 
 []

[42 <./m009_elev_May_mapped.png>]
LaTeX Font Info:    External font `cmex10' loaded for size
(Font)              <7> on input line 523.
LaTeX Font Info:    External font `cmex10' loaded for size
(Font)              <5> on input line 523.
 [43 <./m009_azim_May_mapped.png>]
Underfull \hbox (badness 10000) in paragraph at lines 597--598

 []


Underfull \hbox (badness 10000) in paragraph at lines 599--600

 []

[44]
Underfull \hbox (badness 10000) in paragraph at lines 602--603

 []


Underfull \hbox (badness 10000) in paragraph at lines 605--608

 []


Underfull \hbox (badness 10000) in paragraph at lines 617--618

 []

[45] (./pointingIssues.bbl) [46

]
LaTeX Font Info:    Try loading font information for OMS+cmr on input line 643.


(/usr/share/texlive/texmf-dist/tex/latex/base/omscmr.fd
File: omscmr.fd 2014/09/29 v2.5h Standard LaTeX font definitions
)
LaTeX Font Info:    Font shape `OMS/cmr/m/n' in size <10> not available
(Font)              Font shape `OMS/cmsy/m/n' tried instead on input line 643.
<m025_investigate.png, id=248, 816.04875pt x 471.7625pt>
File: m025_investigate.png Graphic file (type png)
<use m025_investigate.png>
Package pdftex.def Info: m025_investigate.png  used on input line 647.
(pdftex.def)             Requested size: 269.29692pt x 155.6821pt.
<m025_basic.png, id=249, 817.0525pt x 324.21124pt>
File: m025_basic.png Graphic file (type png)
<use m025_basic.png>
Package pdftex.def Info: m025_basic.png  used on input line 659.
(pdftex.def)             Requested size: 269.62816pt x 106.99004pt.
<m025_phase.png, id=250, 768.8725pt x 213.79875pt>
File: m025_phase.png Graphic file (type png)
<use m025_phase.png>
Package pdftex.def Info: m025_phase.png  used on input line 680.
(pdftex.def)             Requested size: 253.7287pt x 70.5538pt.
 [47

 <./m025_investigate.png> <./m025_basic.png>]
<m025_phaseup_after.png, id=257, 732.7375pt x 219.82124pt>
File: m025_phaseup_after.png Graphic file (type png)
<use m025_phaseup_after.png>
Package pdftex.def Info: m025_phaseup_after.png  used on input line 711.
(pdftex.def)             Requested size: 241.80412pt x 72.54123pt.
<m025_after2.png, id=258, 708.6475pt x 510.90875pt>
File: m025_after2.png Graphic file (type png)
<use m025_after2.png>
Package pdftex.def Info: m025_after2.png  used on input line 730.
(pdftex.def)             Requested size: 233.8544pt x 168.6004pt.

Overfull \hbox (431.98737pt too wide) in paragraph at lines 740--740
 [] \OT1/cmtt/m/n/10 m025, -30:42:39.8, 21:26:38.0, 1035.0, 13.5, -181.974 225.
606 -2.367 88.699 88.699, -0:06:07.0 0 -0:02:04.9 -0:06:37.7 -0:00:09.3 -0:00:2
1.2 0:36:10.5 0:01:53.3, 1.22 
 []

[48 <./m025_phase.png> <./m025_phaseup_after.png> <./m025_after2.png>]
<m025_after.png, id=265, 773.89125pt x 301.125pt>
File: m025_after.png Graphic file (type png)
<use m025_after.png>
Package pdftex.def Info: m025_after.png  used on input line 755.
(pdftex.def)             Requested size: 255.3849pt x 99.37155pt.
<m025_better_after.png, id=266, 745.78625pt x 289.08pt>
File: m025_better_after.png Graphic file (type png)
<use m025_better_after.png>
Package pdftex.def Info: m025_better_after.png  used on input line 773.
(pdftex.def)             Requested size: 246.11023pt x 95.39668pt.
<m025AnotherPointing.png, id=267, 678.535pt x 252.945pt>
File: m025AnotherPointing.png Graphic file (type png)
<use m025AnotherPointing.png>
Package pdftex.def Info: m025AnotherPointing.png  used on input line 789.
(pdftex.def)             Requested size: 291.76436pt x 108.76422pt.
 [49 <./m025_after.png> <./m025_better_after.png> <./m025AnotherPointing.png>]
<m032_slope.png, id=276, 1305.87875pt x 551.05875pt>
File: m032_slope.png Graphic file (type png)
<use m032_slope.png>
Package pdftex.def Info: m032_slope.png  used on input line 819.
(pdftex.def)             Requested size: 300.3458pt x 126.74084pt.
<m032_pointing.png, id=277, 755.82375pt x 507.8975pt>
File: m032_pointing.png Graphic file (type png)
<use m032_pointing.png>
Package pdftex.def Info: m032_pointing.png  used on input line 829.
(pdftex.def)             Requested size: 294.77007pt x 198.07922pt.
 [50 <./m032_slope.png>]
<m032_ok.png, id=284, 1295.84125pt x 317.185pt>
File: m032_ok.png Graphic file (type png)
<use m032_ok.png>
Package pdftex.def Info: m032_ok.png  used on input line 841.
(pdftex.def)             Requested size: 362.83307pt x 88.81119pt.
 [51 <./m032_pointing.png> <./m032_ok.png>] [52] [53] [54]
[55] [56] [57] (./pointingIssues.aux)

LaTeX Warning: There were undefined references.


LaTeX Warning: There were multiply-defined labels.

 )
(\end occurred inside a group at level 1)

### simple group (level 1) entered at line 607 ({)
### bottom level 
Here is how much of TeX's memory you used:
 5824 strings out of 494923
 85720 string characters out of 6180741
 279493 words of memory out of 5000000
 9023 multiletter control sequences out of 15000+600000
 8875 words of font info for 32 fonts, out of 8000000 for 9000
 14 hyphenation exceptions out of 8191
 41i,8n,39p,1278b,1652s stack positions out of 5000i,500n,10000p,200000b,80000s
</usr/share/texlive/texmf-dist/fonts/type1/public/amsfonts/cm/c
mbx10.pfb></usr/share/texlive/texmf-dist/fonts/type1/public/amsfonts/cm/cmbx12.
pfb></usr/share/texlive/texmf-dist/fonts/type1/public/amsfonts/cm/cmmi10.pfb></
usr/share/texlive/texmf-dist/fonts/type1/public/amsfonts/cm/cmr10.pfb></usr/sha
re/texlive/texmf-dist/fonts/type1/public/amsfonts/cm/cmr12.pfb></usr/share/texl
ive/texmf-dist/fonts/type1/public/amsfonts/cm/cmr17.pfb></usr/share/texlive/tex
mf-dist/fonts/type1/public/amsfonts/cm/cmr7.pfb></usr/share/texlive/texmf-dist/
fonts/type1/public/amsfonts/cm/cmsy10.pfb></usr/share/texlive/texmf-dist/fonts/
type1/public/amsfonts/cm/cmsy7.pfb></usr/share/texlive/texmf-dist/fonts/type1/p
ublic/amsfonts/cm/cmti10.pfb></usr/share/texlive/texmf-dist/fonts/type1/public/
amsfonts/cm/cmtt10.pfb></usr/share/texlive/texmf-dist/fonts/type1/public/amsfon
ts/cm/cmtt9.pfb>
Output written on pointingIssues.pdf (57 pages, 4526969 bytes).
PDF statistics:
 350 PDF objects out of 1000 (max. 8388607)
 165 compressed objects within 2 object streams
 0 named destinations out of 1000 (max. 500000)
 281 words of extra memory for PDF output out of 10000 (max. 10000000)

